<component name="libraryTable">
  <library name="junitgen-2.0.9">
    <CLASSES>
      <root url="jar://$PROJECT_DIR$/../../Junit/junitgen-2.0.9.jar!/" />
      <root url="jar://$APPLICATION_HOME_DIR$/lib/junit-4.12.jar!/" />
      <root url="jar://$APPLICATION_HOME_DIR$/lib/junit.jar!/" />
      <root url="jar://$APPLICATION_HOME_DIR$/lib/hamcrest-core-1.3.jar!/" />
    </CLASSES>
    <JAVADOC />
    <SOURCES />
  </library>
</component>